0.00,28358
0.00,28308
0.00,28254
0.00,28168
0.00,27378
0.00,26594
0.00,26343
0.00,26097
0.00,26085
0.00,26054
0.00,26014
0.00,24915
0.00,24876
0.00,24617
0.00,24477
0.00,23935
0.00,23575
0.00,23459
0.00,22491
0.00,21995
0.00,21852
0.00,21803
0.00,21558
0.00,21507
0.00,21422
0.00,21387
0.00,21228
0.00,21158
0.00,21092
0.00,20847
0.00,20846
0.00,20791
0.00,20705
0.00,20524
0.00,19670
0.00,19264
0.00,18822
0.00,18685
0.00,18614
0.00,18524
0.00,18131
0.00,17833
0.00,17046
0.00,16978
0.00,16955
0.00,16825
0.00,16786
0.00,16198
0.00,15923
0.00,15869
0.00,15859
0.00,15774
0.00,15729
0.00,15691
0.00,14928
0.00,14822
0.00,14322
0.00,14258
0.01,14038
0.01,13699
0.01,13649
0.01,13346
0.01,13338
0.01,13271
0.01,13134
0.01,13132
0.01,12990
0.01,12988
0.01,12970
0.01,12854
0.01,12752
0.01,12737
0.01,12722
0.01,12691
0.01,12608
0.01,12561
0.01,12516
0.01,12503
0.01,12473
0.01,12385
0.01,12299
0.01,12177
0.01,12161
0.01,12131
0.01,11684
0.01,11657
0.01,11548
0.01,11534
0.01,11532
0.01,11197
0.01,11174
0.01,11083
0.01,10999
0.01,10960
0.01,10808
0.01,10650
0.01,10462
0.02,10453
0.02,10445
0.02,10431
0.02,10310
0.02,10305
0.02,10224
0.02,10195
0.02,10118
0.02,10040
0.03,10002
0.03,10000
0.03,9965
0.03,9936
0.03,9833
0.03,9815
0.03,9761
0.04,9702
0.04,9584
0.04,9544
0.04,9543
0.04,9531
0.05,9372
0.05,9294
0.05,8927
0.05,8867
0.06,8857
0.06,8771
0.06,8766
0.07,8671
0.09,8617
0.10,8413
0.10,8348
0.13,8325
0.67,8312
0.69,8249
1.39,8225
2.04,8150
2.04,8137
2.05,8082
2.05,8077
3.65,8054
3.66,7991
3.68,7986
7.14,7968
7.15,7945
7.67,7913
7.68,7898
7.82,7868
13.49,7815
14.98,7802
15.01,7797
15.68,7764
15.68,7699
15.70,7677
29.72,7627
42.46,7604
98.40,7547
