0.00,28358
0.00,28308
0.00,28254
0.00,27893
0.00,27304
0.00,26927
0.00,26812
0.00,26727
0.00,25460
0.00,25141
0.00,25076
0.00,24538
0.00,24340
0.00,24159
0.00,23923
0.00,22748
0.00,22169
0.00,22142
0.00,21462
0.00,21403
0.00,21258
0.00,21190
0.00,20929
0.00,20837
0.00,20411
0.00,20328
0.00,20283
0.00,20241
0.00,20011
0.00,19708
0.00,19638
0.00,19612
0.00,19586
0.00,19435
0.00,19280
0.00,18531
0.00,18433
0.00,18225
0.00,18223
0.00,17965
0.00,17806
0.00,17792
0.00,17402
0.00,16941
0.00,16783
0.00,16684
0.00,16638
0.00,16564
0.00,16477
0.00,16418
0.00,16409
0.00,16124
0.00,16113
0.00,16104
0.00,15499
0.00,15494
0.00,15454
0.00,15329
0.00,15114
0.00,14894
0.00,14825
0.00,14809
0.00,14717
0.00,14273
0.00,13942
0.00,13899
0.00,13880
0.00,13474
0.00,13211
0.00,13165
0.00,13126
0.00,12949
0.00,12690
0.01,12671
0.01,12384
0.01,12361
0.01,12360
0.01,12190
0.01,12188
0.01,12122
0.01,12014
0.01,11925
0.01,11902
0.01,11863
0.01,11666
0.01,11649
0.01,11513
0.01,11464
0.01,11144
0.01,11121
0.01,11087
0.01,11066
0.01,10579
0.01,10568
0.01,10560
0.01,10440
0.01,10438
0.01,10419
0.01,10381
0.01,10362
0.01,10292
0.01,10257
0.01,9835
0.01,9534
0.01,9530
0.01,9489
0.02,9476
0.02,9447
0.02,9227
0.02,9212
0.02,9039
0.02,8995
0.03,8920
0.03,8868
0.03,8798
0.03,8724
0.03,8696
0.04,8693
0.04,8657
0.04,8645
0.04,8593
0.04,8552
0.04,8523
0.04,8517
0.05,8414
0.05,8339
0.05,8233
0.06,8187
0.08,8147
0.08,8142
0.32,8125
0.59,8074
0.59,7984
0.61,7983
2.32,7913
4.84,7827
4.86,7810
4.87,7809
6.89,7793
7.23,7765
7.23,7737
7.23,7714
7.24,7693
7.24,7682
