0.01,28598
0.02,27079
0.04,25581
0.05,24361
0.06,22896
0.07,21694
0.08,20714
0.10,19782
0.11,18842
0.12,17920
0.13,17171
0.14,16508
0.16,15882
0.17,15312
0.18,14763
0.19,14218
0.20,13662
0.22,13222
0.23,12760
0.24,12341
0.25,11929
0.26,11554
0.27,11183
0.29,10819
0.30,10518
0.31,10228
0.32,9967
0.33,9751
0.35,9575
0.36,9401
0.37,9244
0.38,9110
0.39,8976
0.41,8843
0.42,8730
0.43,8640
0.44,8564
0.45,8418
0.47,8364
0.48,8224
0.49,8138
0.50,8085
0.51,7919
0.53,7872
0.54,7807
0.55,7775
0.56,7752
0.57,7730
0.59,7707
0.60,7688
0.61,7674
0.62,7659
0.63,7658
15.56,7553
15.57,7542
