0.01,2813617
0.01,2551272
0.02,2375940
0.02,2219545
0.03,2099233
0.03,1992028
0.04,1898223
0.04,1807640
0.05,1721598
0.05,1643020
0.06,1566956
0.06,1496309
0.07,1434244
0.07,1381041
0.08,1337205
0.08,1293198
0.09,1252421
0.09,1198558
0.10,1173662
0.10,1134471
0.11,1096618
0.11,1068072
0.12,1044613
0.12,1023878
0.13,997725
0.13,981500
0.14,967845
0.15,955069
0.15,942539
0.16,934547
0.16,928394
0.17,923950
0.17,918005
0.18,914347
0.18,912061
0.19,909861
0.19,908439
0.20,907117
0.20,906416
1.54,905880
2.72,905681
2.72,905471
5.98,900171
5.99,899649
5.99,899439
6.00,899393
9.19,899176
9.20,896180
9.21,895970
12.76,895295
12.76,895082
16.28,894620
16.29,894407
16.29,894197
34.61,893959
34.61,893746
34.62,893536
