0.00,2778513
0.00,2775251
0.00,2753854
0.00,2683408
0.00,2640460
0.00,2505946
0.00,2450809
0.00,2385359
0.00,2383403
0.00,2374887
0.00,2339630
0.00,2268773
0.00,2251760
0.00,2243065
0.00,2221632
0.00,2195494
0.00,2194086
0.00,2193075
0.00,2165888
0.00,2136972
0.00,2134367
0.00,2126269
0.00,2121985
0.00,2115935
0.00,2098453
0.00,2065519
0.00,2063839
0.00,2063469
0.00,2038197
0.00,2036847
0.00,2033748
0.00,2021477
0.00,2020675
0.00,2011734
0.00,2001185
0.00,1979696
0.00,1964126
0.00,1940895
0.00,1890700
0.00,1870183
0.00,1860204
0.00,1839993
0.00,1838067
0.00,1835078
0.00,1806279
0.00,1805649
0.00,1802966
0.00,1781358
0.00,1470944
0.00,1462200
0.00,1451987
0.00,1451959
0.00,1438063
0.00,1430557
0.00,1423788
0.00,1418178
0.00,1418117
0.00,1403302
0.00,1401011
0.00,1381003
0.00,1364719
0.00,1331401
0.00,1326955
0.00,1289369
0.00,1250977
0.00,1249782
0.01,1249740
0.01,1232277
0.01,1223540
0.01,1222391
0.01,1200018
0.01,1199188
0.01,1198090
0.01,1188964
0.01,1185139
0.01,1172841
0.01,1152328
0.01,1151004
0.01,1150756
0.01,1143754
0.01,1134353
0.01,1110856
0.01,1108047
0.01,1105310
0.01,1102100
0.01,1086863
0.01,1084871
0.02,1084445
0.02,1083345
0.02,1080136
0.02,1079609
0.02,1069441
0.02,1054313
0.02,1051830
0.02,1047288
0.02,1036540
0.03,1035667
0.03,998087
0.03,979111
0.05,962406
0.05,961421
0.11,957676
0.25,948437
0.30,947857
0.31,945954
0.41,945316
0.41,944050
0.41,943840
0.42,943707
0.42,941492
0.43,935430
0.44,934108
0.46,933407
0.60,922573
0.60,914439
0.60,913888
0.60,909782
0.61,908636
0.61,908455
0.62,906169
0.64,904472
2.22,895044
16.44,894197
61.07,893536
