0.01,191179
0.03,175855
0.04,165122
0.06,153305
0.07,145894
0.09,139740
0.10,133613
0.12,126543
0.13,121294
0.15,115578
0.16,110709
0.18,106349
0.19,102246
0.21,97698
0.22,94070
0.24,90602
0.25,87765
0.27,85369
0.28,82030
0.30,79764
0.31,77818
0.33,75979
0.34,74183
0.35,72636
0.37,71248
0.38,69747
0.40,68364
0.41,67036
0.43,65797
0.44,64589
0.46,63486
0.48,62617
0.49,61783
0.51,60673
0.52,59970
0.53,59277
0.55,58595
0.56,57916
0.58,57431
0.60,57039
0.61,56715
0.62,56447
0.64,56182
0.66,55766
0.67,55655
0.69,55116
0.70,55033
0.72,54974
0.73,54662
1.44,54588
2.11,54511
2.13,54397
2.14,54316
2.15,54064
2.17,53705
2.18,53684
2.19,53416
2.21,53395
2.22,53339
2.23,52917
24.06,52823
24.08,52788
