0.00,207912
0.00,206470
0.00,204304
0.00,202419
0.00,201312
0.00,197189
0.00,195117
0.00,191052
0.00,190222
0.00,189550
0.00,189329
0.00,189279
0.00,185381
0.00,183905
0.00,181276
0.00,180243
0.00,178751
0.00,175999
0.00,171214
0.00,170930
0.00,170551
0.00,168700
0.00,167817
0.00,162119
0.00,159637
0.00,159018
0.00,156945
0.00,156095
0.00,154814
0.00,154698
0.00,154678
0.00,151910
0.00,147159
0.00,143057
0.00,139304
0.00,138336
0.00,136740
0.00,132177
0.00,132153
0.00,131994
0.00,129846
0.00,129529
0.00,128576
0.00,125312
0.00,123015
0.00,122107
0.00,121394
0.00,119248
0.00,116171
0.00,114434
0.00,113746
0.00,113713
0.00,112242
0.00,111682
0.00,110643
0.01,110023
0.01,109777
0.01,109292
0.01,108430
0.01,107176
0.01,107136
0.01,106324
0.01,106100
0.01,105293
0.01,102849
0.01,100052
0.01,99038
0.01,98223
0.01,96960
0.01,96402
0.01,96361
0.01,90722
0.01,89317
0.01,88993
0.01,88918
0.01,88882
0.01,85063
0.01,84161
0.01,84111
0.01,84021
0.01,84010
0.01,83514
0.01,83173
0.01,82861
0.01,82363
0.01,82233
0.01,81727
0.01,81044
0.01,79478
0.01,78513
0.01,77998
0.01,77907
0.01,77892
0.01,76204
0.01,75424
0.01,66784
0.01,66190
0.02,65967
0.02,65241
0.02,64995
0.02,64192
0.02,64004
0.02,63603
0.02,63460
0.02,63210
0.02,62936
0.02,62867
0.03,62575
0.03,62545
0.03,61999
0.03,59983
0.03,59830
0.03,59118
0.03,59072
0.04,58762
0.04,58518
0.04,58163
0.04,58075
0.05,57803
0.05,57544
0.05,57509
0.06,56935
0.06,56774
0.06,56726
0.07,56633
0.08,56554
0.09,56411
0.09,55634
0.09,55501
0.09,55497
0.10,55419
0.10,54819
0.11,54660
0.11,54505
0.11,54423
0.12,54394
0.12,54347
0.12,54269
0.13,54104
0.13,53836
0.68,53679
0.68,53488
0.69,53410
0.73,53014
35.03,52943
81.77,52938
