0.05,520781
0.09,500391
0.14,480418
0.18,462065
0.23,444768
0.27,429434
0.32,414639
0.36,400107
0.41,386985
0.45,374066
0.49,359870
0.54,346787
0.58,333787
0.63,322648
0.67,312157
0.72,301824
0.76,290617
0.81,279418
0.85,266625
0.90,257469
0.94,249371
0.99,240351
1.03,232397
1.08,224475
1.12,217471
1.17,209989
1.22,203090
1.26,196431
1.30,190282
1.35,184416
1.39,179698
1.44,175022
1.48,170596
1.53,165900
1.57,161883
1.62,158438
1.66,153236
1.71,150732
1.75,147100
1.80,144598
1.85,142242
1.89,139956
1.94,137308
1.98,135113
2.03,133128
2.07,131460
2.12,129876
2.16,128346
2.21,126852
2.25,125236
2.30,123781
2.34,122369
2.39,121001
2.43,119704
2.48,118486
2.52,117457
2.57,116244
2.61,115223
2.66,114307
2.70,113484
2.75,112693
2.79,111209
2.84,110484
2.88,109781
2.93,109144
2.98,108578
3.02,107667
3.07,107446
3.12,107237
3.16,105509
3.21,105332
3.26,104937
3.31,104760
3.35,104610
3.40,103928
3.45,103736
3.49,103545
3.54,103324
3.59,103294
3.63,103201
