0.00,547609
0.00,543283
0.00,539420
0.00,538452
0.00,537278
0.00,535781
0.00,531140
0.00,527428
0.00,526667
0.00,526208
0.00,525756
0.00,523163
0.00,507116
0.00,506663
0.00,503081
0.00,497005
0.00,493911
0.00,484836
0.00,483706
0.00,478926
0.00,475093
0.00,472164
0.00,470960
0.00,470031
0.00,465203
0.00,461436
0.00,460875
0.00,457757
0.00,454616
0.00,451873
0.00,450110
0.00,442775
0.00,439344
0.00,437605
0.00,434337
0.00,432921
0.00,431922
0.00,430144
0.00,427779
0.00,420688
0.00,410040
0.00,409992
0.00,406128
0.00,397340
0.00,394690
0.00,394381
0.00,389621
0.00,384108
0.00,383736
0.00,383670
0.00,375002
0.00,372475
0.00,371628
0.00,371431
0.00,367804
0.00,363642
0.00,363640
0.00,363180
0.00,361565
0.00,356370
0.00,355197
0.00,354797
0.00,350327
0.00,350103
0.00,348469
0.00,346993
0.00,341437
0.00,334419
0.00,329453
0.00,326280
0.00,325533
0.00,322913
0.00,317495
0.00,306236
0.00,301425
0.00,296091
0.00,294072
0.00,288185
0.00,285541
0.00,282692
0.01,280706
0.01,276647
0.01,276038
0.01,275663
0.01,273545
0.01,272801
0.01,268930
0.01,267184
0.01,265965
0.01,265131
0.01,261319
0.01,258544
0.01,257491
0.01,255007
0.01,253182
0.01,250291
0.01,249143
0.01,248934
0.01,248604
0.01,246532
0.01,244253
0.01,238905
0.01,233057
0.01,231973
0.01,231065
0.01,230816
0.01,229213
0.01,224295
0.01,223008
0.01,222445
0.01,222164
0.01,217235
0.01,216816
0.01,214981
0.01,214275
0.01,213304
0.01,212451
0.01,211269
0.02,205863
0.02,205306
0.02,205219
0.02,202563
0.02,202537
0.02,199036
0.02,191858
0.02,187047
0.02,185656
0.02,185004
0.02,184815
0.02,184604
0.02,184224
0.02,184209
0.02,179504
0.02,178868
0.02,178256
0.02,177994
0.02,177862
0.03,175422
0.03,174753
0.03,174111
0.03,174089
0.03,173678
0.03,172562
0.03,172185
0.03,171896
0.03,171125
0.03,170806
0.03,169397
0.03,169326
0.03,169177
0.04,169048
0.04,169024
0.04,168181
0.04,168123
0.04,167058
0.04,164288
0.04,163264
0.04,161542
0.04,161422
0.04,160462
0.04,158333
0.05,157580
0.05,157052
0.05,155616
0.05,155170
0.05,154782
0.05,154275
0.05,153509
0.05,150852
0.05,150311
0.06,150005
0.06,148920
0.06,148321
0.06,147857
0.06,146715
0.06,146100
0.07,144127
0.07,143684
0.07,142727
0.07,141644
0.07,140908
0.08,140597
0.08,136728
0.08,136411
0.08,136261
0.08,135281
0.08,135089
0.08,134318
0.08,133401
0.09,131931
0.09,130476
0.09,130296
0.09,130166
0.10,129592
0.10,128889
0.10,128190
0.10,128149
0.10,127919
0.11,127235
0.11,127209
0.11,126947
0.12,126909
0.13,126901
0.13,126720
0.13,126698
0.13,125005
0.14,124730
0.14,124001
0.15,123592
0.15,123544
0.15,122525
0.15,122351
0.16,120102
0.16,119222
0.17,118597
0.17,118368
0.17,118085
0.18,117258
0.18,117083
0.19,115043
0.20,114416
0.22,113131
0.23,111683
0.23,110706
0.25,109867
0.26,109830
0.28,109764
0.31,109505
0.36,109120
0.66,108694
0.68,108503
2.39,108496
2.46,107759
2.47,107034
2.47,106583
2.57,106573
2.60,106538
3.03,106492
3.04,106343
5.43,105378
5.52,105191
5.53,105040
5.54,104654
6.44,104149
10.97,103346
23.83,102792
23.90,102028
