0.00,6839127
0.00,6794172
0.00,6764348
0.00,6764089
0.00,6761851
0.00,6709247
0.00,6688623
0.00,6670992
0.00,6621588
0.00,6577080
0.00,6538100
0.00,6518861
0.00,6513054
0.00,6385910
0.00,6379826
0.00,6320252
0.00,5984347
0.00,5979381
0.00,5962611
0.00,5893688
0.00,5882519
0.00,5818040
0.00,5734205
0.00,5682223
0.00,5653951
0.00,5612260
0.00,5461374
0.00,5412154
0.00,5399913
0.00,5398772
0.00,5371668
0.00,5356210
0.00,5354071
0.00,5340362
0.00,5307619
0.00,5233893
0.00,5157889
0.00,5114168
0.00,5093268
0.00,5093045
0.00,5092274
0.00,5080413
0.00,5040280
0.00,5038396
0.00,4900984
0.00,4804253
0.00,4728117
0.00,4725798
0.00,4704042
0.00,4661949
0.00,4660199
0.00,4615276
0.01,4609811
0.01,4604740
0.01,4587077
0.01,4580676
0.01,4580159
0.01,4521910
0.01,4481000
0.01,4389743
0.01,4166019
0.01,4155314
0.01,4151795
0.01,4150756
0.01,4147996
0.01,4143071
0.01,4106540
0.01,4055905
0.01,4046210
0.01,4012083
0.01,3994100
0.01,3988531
0.01,3962131
0.01,3916300
0.01,3903036
0.01,3847330
0.01,3773416
0.01,3766791
0.01,3749247
0.01,3674411
0.01,3624428
0.01,3558237
0.01,3547364
0.01,3526759
0.01,3449202
0.01,3439989
0.01,3426597
0.01,3378327
0.01,3222614
0.01,3207296
0.01,3203401
0.01,3145925
0.01,3133592
0.01,3125846
0.01,3055695
0.01,3051831
0.01,2968451
0.01,2966585
0.01,2955095
0.01,2954062
0.01,2935120
0.01,2934005
0.01,2921592
0.01,2914783
0.01,2854601
0.01,2854154
0.01,2848698
0.01,2775090
0.01,2731646
0.01,2714882
0.01,2705976
0.01,2698139
0.01,2696907
0.02,2696712
0.02,2681300
0.02,2670898
0.02,2670072
0.02,2658538
0.02,2656800
0.02,2646699
0.02,2644328
0.02,2508814
0.02,2487095
0.02,2458842
0.02,2455202
0.02,2426650
0.02,2415278
0.02,2404071
0.02,2402675
0.02,2401112
0.02,2393185
0.02,2369401
0.03,2329623
0.03,2316460
0.03,2307004
0.03,2300994
0.03,2296906
0.03,2226747
0.03,2192835
0.03,2185405
0.03,2175420
0.03,2147921
0.04,2139019
0.04,2086152
0.04,2072491
0.04,2050383
0.04,2050382
0.04,2014315
0.04,2014265
0.04,2000052
0.05,1997065
0.05,1992341
0.05,1986721
0.06,1970214
0.06,1969249
0.06,1966524
0.06,1958569
0.07,1958234
0.07,1955917
0.07,1945706
0.07,1942022
0.07,1941092
0.07,1938974
0.07,1907899
0.08,1905346
0.08,1903198
0.08,1895859
0.09,1894972
0.09,1891741
0.09,1869094
0.10,1867329
0.10,1860522
0.10,1856166
0.10,1853849
0.10,1850726
0.11,1810590
0.11,1807996
0.12,1766560
0.13,1765722
0.14,1763835
0.15,1755224
0.15,1755176
0.15,1744670
0.16,1709861
0.19,1686760
0.22,1684269
0.23,1676656
0.37,1662396
0.37,1662050
0.38,1658796
0.38,1651641
0.40,1643527
0.41,1627512
0.43,1622337
0.44,1622196
0.46,1617488
0.47,1601902
0.52,1601039
0.54,1599626
2.49,1599335
2.55,1597213
2.55,1594528
2.56,1594042
10.77,1592624
10.77,1587916
10.80,1585513
12.10,1570176
12.11,1564936
12.13,1563020
52.29,1557617
