0.03,6426707
0.05,6112733
0.08,5802557
0.11,5458830
0.13,5156536
0.16,4884103
0.18,4649831
0.21,4425353
0.23,4225802
0.26,4043145
0.29,3838568
0.31,3677685
0.34,3555430
0.36,3436893
0.39,3326301
0.42,3201858
0.44,3109332
0.47,3020367
0.49,2915739
0.52,2837093
0.55,2773060
0.57,2716834
0.60,2661911
0.63,2605698
0.65,2551267
0.68,2496868
0.71,2443821
0.73,2398334
0.76,2353195
0.79,2309317
0.81,2267188
0.84,2227956
0.86,2188956
0.89,2152377
0.92,2113805
0.94,2087250
0.97,2057654
1.00,2032289
1.02,2009739
1.05,1984067
1.08,1963011
1.10,1944136
1.13,1912430
1.16,1894316
1.18,1857601
1.21,1842574
1.24,1831089
1.26,1819997
1.29,1809664
1.32,1799350
1.35,1790739
1.38,1782839
1.40,1774968
1.43,1767263
1.46,1761669
1.49,1757042
1.51,1751051
1.54,1749357
1.57,1748367
1.60,1717058
1.62,1699507
1.65,1686742
1.68,1676386
1.71,1669795
1.73,1665323
1.76,1652324
1.79,1646249
1.82,1637549
1.84,1633685
3.35,1632254
3.37,1625655
3.40,1618955
3.43,1612603
3.45,1607867
3.48,1604816
3.51,1602413
3.53,1600031
3.56,1598212
3.59,1586275
3.61,1585043
3.64,1584173
3.67,1577064
3.70,1576278
3.72,1573545
3.75,1573495
3.78,1572308
3.80,1564668
3.83,1560804
