0.00,4682733
0.00,4617114
0.00,4572611
0.00,4570698
0.00,4189875
0.00,4167123
0.00,4150240
0.00,4128805
0.00,4123237
0.00,3896323
0.00,3877655
0.00,3863787
0.00,3461923
0.00,3439079
0.00,3432136
0.00,3428328
0.00,3180253
0.00,3153349
0.00,3145802
0.00,3141583
0.00,3140894
0.00,3107622
0.00,3098705
0.00,3045712
0.00,3027816
0.00,2999966
0.00,2992034
0.00,2962734
0.00,2941873
0.00,2940732
0.00,2928214
0.00,2856163
0.00,2841047
0.00,2823613
0.00,2786901
0.00,2786209
0.00,2776655
0.00,2764632
0.00,2753057
0.00,2742030
0.00,2718581
0.00,2713947
0.00,2711021
0.00,2703568
0.00,2692386
0.00,2678965
0.00,2672661
0.00,2672094
0.00,2670821
0.00,2562739
0.00,2555983
0.00,2548453
0.00,2369246
0.00,2326750
0.00,2318983
0.00,2312513
0.00,2186460
0.00,2151027
0.00,2140514
0.00,2138227
0.00,2135645
0.00,2086375
0.00,2082076
0.00,2080399
0.00,2076254
0.00,1976293
0.00,1955628
0.01,1678032
0.01,1650490
0.01,1649664
0.01,1628251
0.01,1621220
0.01,1610915
0.01,1596746
0.01,1592716
0.01,1585199
0.01,1581964
0.01,1579108
0.01,1571390
0.02,1570604
0.02,1570133
0.03,1543414
0.05,1542245
0.05,1540753
0.06,1533643
0.06,1476304
0.06,1443458
0.06,1435941
0.06,1430684
0.06,1428926
0.06,1427065
0.07,1420121
0.07,1404138
0.08,1400046
3.83,1398281
3.85,1395981
