1.07,7080835
2.17,6901043
3.27,6733912
4.38,6577950
5.45,6414647
6.66,6267540
7.85,6124820
8.89,5990302
9.93,5856872
10.97,5721109
12.03,5587484
13.05,5455263
14.08,5330219
15.11,5213091
16.19,5100232
17.21,4994031
18.26,4889992
19.29,4778710
20.33,4684647
21.37,4591178
22.40,4504546
23.42,4414415
24.45,4330884
25.48,4243734
26.51,4162160
27.59,4081242
28.62,4001116
29.67,3926559
30.74,3849726
31.76,3779980
32.79,3711179
33.82,3642695
34.85,3575297
35.89,3512201
36.95,3443916
38.01,3381233
39.04,3318913
40.08,3257147
41.12,3190132
42.15,3130727
43.19,3071748
44.22,3020023
45.24,2969107
46.28,2915553
47.31,2863015
48.34,2814564
49.39,2765344
50.42,2716541
51.48,2668376
52.51,2620232
53.57,2572626
54.59,2525820
55.62,2480229
56.67,2433411
57.72,2386183
58.77,2342315
59.84,2300376
60.87,2259098
61.91,2219309
62.95,2179520
64.01,2140144
65.11,2101261
66.22,2063173
67.38,2025081
68.43,1985847
69.49,1947550
70.54,1910049
71.58,1877003
72.62,1843952
73.67,1812839
74.71,1782306
75.75,1753098
76.87,1723908
77.98,1695630
79.05,1668535
80.15,1642530
81.28,1615464
82.39,1590485
83.52,1567304
84.62,1545301
85.77,1522639
86.95,1501201
88.13,1480182
89.24,1461746
90.34,1443074
91.43,1424049
92.52,1406356
93.67,1388181
94.80,1371512
95.93,1355232
97.04,1341500
98.22,1327848
99.35,1314280
