0.00,7240832
0.00,7238725
0.00,7228800
0.00,7190950
0.00,7186755
0.00,7173639
0.00,7172952
0.00,7169812
0.00,7158659
0.00,7146736
0.00,7144825
0.00,7141531
0.00,7139689
0.00,7128738
0.00,7126438
0.00,7122821
0.00,7114800
0.00,7106683
0.00,7068505
0.00,7053054
0.00,7049952
0.00,7034306
0.00,7033624
0.00,7022545
0.00,7016300
0.00,7012884
0.00,7010670
0.00,6891144
0.00,6890991
0.00,6886221
0.00,6858960
0.00,6853125
0.00,6850885
0.00,6840180
0.00,6823698
0.00,6810667
0.00,6777994
0.00,6776811
0.00,6674592
0.00,6666320
0.00,6666152
0.00,6662372
0.00,6658289
0.00,6654324
0.01,6642439
0.01,6639355
0.01,6570920
0.01,6517577
0.01,6499351
0.01,6481284
0.01,6479811
0.01,6472462
0.01,6447648
0.01,6444284
0.01,6438641
0.01,6429888
0.01,6385559
0.01,6381452
0.01,6255448
0.01,6240738
0.01,6233920
0.01,6233856
0.01,6233378
0.01,6232969
0.01,6231675
0.01,6228628
0.01,6227548
0.01,6227076
0.01,6207590
0.01,6203872
0.01,6190119
0.01,6186801
0.01,6182400
0.01,6181737
0.01,6178850
0.01,6166715
0.01,6164691
0.01,6152594
0.01,6151054
0.01,6149560
0.01,6148399
0.01,6136323
0.01,6086281
0.01,6057306
0.01,6055316
0.01,6055184
0.01,6053386
0.01,6044821
0.01,6041382
0.01,6030924
0.01,6025222
0.01,6019375
0.01,6006338
0.01,6005486
0.01,6004720
0.01,6000763
0.01,5989397
0.01,5982922
0.01,5979310
0.01,5977729
0.01,5961391
0.01,5951667
0.01,5949089
0.01,5935540
0.01,5864004
0.01,5834317
0.01,5820608
0.01,5820390
0.01,5807266
0.01,5776103
0.01,5746670
0.01,5734769
0.01,5734768
0.01,5731951
0.01,5725256
0.01,5723012
0.01,5721515
0.01,5721361
0.01,5719812
0.01,5622101
0.01,5620474
0.01,5608518
0.01,5604036
0.01,5603669
0.01,5597180
0.01,5597115
0.01,5589995
0.01,5588279
0.01,5586027
0.02,5584618
0.02,5577487
0.02,5542553
0.02,5534453
0.02,5516575
0.02,5516426
0.02,5514025
0.02,5445174
0.02,5438731
0.02,5436055
0.02,5436015
0.02,5434852
0.02,5424186
0.02,5420751
0.02,5418803
0.02,5396928
0.02,5386071
0.02,5369921
0.02,5338105
0.02,5335251
0.02,5334905
0.02,5334885
0.02,5313640
0.02,5310171
0.02,5303261
0.02,5294847
0.02,5294132
0.02,5286401
0.02,5156861
0.02,5152656
0.02,5124013
0.02,5122876
0.02,5063123
0.02,5061988
0.02,5058473
0.02,5029371
0.02,5026671
0.02,5024491
0.02,5011114
0.02,5007064
0.02,4999315
0.02,4986006
0.02,4984816
0.02,4984181
0.02,4980610
0.02,4962169
0.02,4961533
0.02,4956991
0.02,4939783
0.02,4938294
0.02,4937526
0.02,4775805
0.02,4772031
0.02,4770020
0.02,4765551
0.02,4758954
0.03,4740365
0.03,4738556
0.03,4734776
0.03,4733093
0.03,4730896
0.03,4708476
0.03,4684202
0.03,4682745
0.03,4681663
0.03,4668927
0.03,4661387
0.03,4656568
0.03,4652505
0.03,4650228
0.03,4648252
0.03,4640956
0.03,4630081
0.03,4625228
0.03,4624686
0.03,4589374
0.03,4588955
0.03,4581456
0.03,4579360
0.03,4569375
0.03,4562698
0.03,4549198
0.03,4535658
0.03,4490570
0.03,4485097
0.03,4454071
0.03,4452652
0.03,4452647
0.03,4445136
0.03,4347449
0.03,4347272
0.03,4265228
0.03,4262135
0.03,4258751
0.03,4254955
0.03,4253486
0.03,4238275
0.03,4236461
0.03,4236009
0.03,4232654
0.03,4230612
0.04,4230532
0.04,4227590
0.04,4220048
0.04,4211803
0.04,4210240
0.04,4205402
0.04,4198476
0.04,4198126
0.04,4188317
0.04,4187575
0.04,4186623
0.04,4180501
0.04,4179596
0.04,4177919
0.04,4169890
0.04,4167941
0.04,4167839
0.04,4163647
0.04,4158459
0.04,4157789
0.04,4147279
0.04,4130828
0.04,4092990
0.04,4090060
0.04,4088929
0.04,4086805
0.04,4080785
0.04,4078891
0.04,4076377
0.04,4074889
0.04,4066290
0.04,4062875
0.04,4060310
0.04,4057522
0.04,4053229
0.04,4052877
0.04,4044875
0.04,4044280
0.04,4041800
0.04,4038545
0.04,4037778
0.05,4028939
0.05,4001730
0.05,3954488
0.05,3954386
0.05,3939970
0.05,3939034
0.05,3935158
0.05,3895889
0.05,3895310
0.05,3894547
0.05,3871657
0.05,3868642
0.05,3854927
0.05,3836011
0.05,3762919
0.05,3762625
0.05,3759667
0.05,3756187
0.05,3755423
0.05,3747315
0.05,3746864
0.05,3745208
0.05,3710178
0.05,3703963
0.05,3696443
0.05,3664533
0.05,3659868
0.05,3655635
0.05,3655578
0.05,3654040
0.05,3600453
0.05,3591617
0.05,3587224
0.05,3584558
0.05,3582244
0.05,3580809
0.05,3552761
0.05,3552234
0.05,3536823
0.05,3534671
0.05,3512909
0.05,3512682
0.05,3509765
0.06,3507540
0.06,3487471
0.06,3481534
0.06,3470438
0.06,3464336
0.06,3463197
0.06,3449379
0.06,3426582
0.06,3417430
0.06,3416076
0.06,3414898
0.06,3350933
0.06,3345869
0.06,3344001
0.06,3336058
0.06,3327403
0.06,3324792
0.06,3303802
0.06,3230096
0.06,3221877
0.06,3221846
0.06,3220549
0.06,3216488
0.06,3216143
0.06,3214065
0.06,3208819
0.07,3207298
0.07,3206708
0.07,3204211
0.07,3203325
0.07,3201757
0.07,3195146
0.07,3188119
0.07,3182195
0.07,3181882
0.07,3180596
0.07,3180182
0.07,3180167
0.07,3179638
0.07,3166308
0.07,3165032
0.07,3160344
0.07,3125736
0.07,3111809
0.07,3111674
0.07,3109582
0.07,3109432
0.07,3094957
0.07,3062087
0.07,3056738
0.07,3052653
0.07,3048068
0.07,3038532
0.07,3037071
0.07,3034244
0.07,3031079
0.07,2950506
0.07,2949807
0.07,2948769
0.07,2934585
0.07,2912843
0.07,2912632
0.08,2911974
0.08,2908637
0.08,2908090
0.08,2880265
0.08,2875358
0.08,2872235
0.08,2870770
0.08,2869088
0.08,2851706
0.08,2850235
0.08,2849905
0.08,2841922
0.08,2840506
0.08,2837663
0.08,2835869
0.08,2834240
0.08,2831047
0.08,2828958
0.08,2825586
0.09,2825540
0.09,2823601
0.09,2818201
0.09,2817581
0.09,2816291
0.09,2811791
0.09,2811532
0.09,2811470
0.09,2806483
0.09,2804860
0.09,2769731
0.09,2769443
0.09,2767725
0.09,2766817
0.09,2766246
0.09,2756557
0.09,2750456
0.09,2748094
0.10,2745130
0.10,2742451
0.10,2741122
0.10,2738749
0.10,2720248
0.10,2718413
0.10,2694409
0.10,2693081
0.10,2691522
0.10,2687470
0.10,2685280
0.10,2684898
0.10,2682494
0.10,2680878
0.10,2680452
0.10,2679445
0.10,2678677
0.10,2676065
0.10,2676022
0.10,2672593
0.10,2670987
0.10,2670787
0.10,2661941
0.10,2646386
0.11,2645531
0.11,2642134
0.11,2635092
0.11,2604961
0.11,2600530
0.11,2599615
0.11,2599567
0.11,2597426
0.11,2592979
0.11,2580008
0.11,2578403
0.11,2573500
0.11,2562517
0.11,2553440
0.11,2551221
0.11,2550752
0.12,2546514
0.12,2509559
0.12,2509269
0.12,2507318
0.12,2507247
0.12,2502372
0.12,2498676
0.12,2482108
0.12,2481333
0.12,2480934
0.12,2476640
0.13,2437963
0.13,2437665
0.13,2435108
0.13,2405622
0.13,2399426
0.13,2396597
0.13,2394083
0.14,2391005
0.14,2387751
0.14,2379362
0.14,2379096
0.14,2379079
0.14,2376185
0.14,2375278
0.14,2375100
0.14,2371651
0.14,2304716
0.15,2304656
0.15,2304215
0.15,2303349
0.15,2299759
0.15,2296767
0.15,2288441
0.15,2285289
0.15,2282508
0.15,2227805
0.15,2224629
0.15,2223822
0.16,2223751
0.16,2207705
0.16,2196066
0.16,2192875
0.16,2192403
0.16,2191323
0.16,2188727
0.16,2187316
0.16,2170140
0.16,2169963
0.16,2165404
0.16,2165048
0.16,2161504
0.16,2160918
0.16,2160888
0.16,2158120
0.16,2156009
0.16,2154709
0.16,2153909
0.16,2152415
0.16,2150046
0.17,2150009
0.17,2149864
0.17,2140911
0.17,2140785
0.17,2140186
0.17,2127046
0.17,2124240
0.18,2123408
0.18,2122225
0.18,2121636
0.18,2119312
0.18,2116928
0.18,2116592
0.18,2114999
0.18,2107695
0.18,2104250
0.19,2103953
0.19,2103227
0.19,2101695
0.19,2101522
0.19,2098745
0.19,2089419
0.19,2089383
0.19,2088782
0.19,2087982
0.19,2069033
0.19,2068262
0.19,2066764
0.19,2066254
0.19,2036531
0.19,2030768
0.20,2030139
0.20,2029819
0.20,1994218
0.20,1993206
0.20,1989114
0.20,1988132
0.20,1983105
0.20,1975265
0.20,1974860
0.21,1972691
0.21,1971893
0.21,1971015
0.21,1969831
0.21,1966728
0.22,1965981
0.22,1963627
0.22,1955799
0.22,1955755
0.22,1954491
0.23,1954482
0.23,1947113
0.23,1945359
0.23,1944510
0.23,1942896
0.23,1916718
0.23,1916200
0.23,1912761
0.24,1902887
0.24,1902262
0.24,1900664
0.24,1831636
0.24,1830539
0.25,1824836
0.25,1817816
0.25,1816549
0.25,1815114
0.25,1814845
0.25,1813530
0.26,1813421
0.26,1811563
0.26,1810215
0.26,1797944
0.26,1752649
0.26,1752417
0.26,1744914
0.27,1744677
0.27,1742627
0.27,1738338
0.27,1738173
0.27,1726410
0.27,1726224
0.27,1726193
0.27,1724208
0.27,1723606
0.27,1722877
0.27,1722430
0.27,1711827
0.28,1711786
0.28,1711669
0.28,1711073
0.28,1710361
0.29,1707679
0.29,1685219
0.29,1684794
0.29,1676602
0.30,1676337
0.30,1674672
0.30,1673477
0.30,1635148
0.30,1635024
0.30,1634795
0.30,1589239
0.31,1589079
0.31,1563223
0.31,1560572
0.31,1559542
0.31,1558297
0.31,1555980
0.32,1553936
0.32,1552639
0.32,1547582
0.32,1545996
0.32,1545334
0.32,1544418
0.32,1542598
0.33,1542213
0.33,1541925
0.33,1526087
0.33,1509239
0.33,1500461
0.33,1496017
0.33,1494316
0.33,1493574
0.33,1484108
0.33,1474223
0.34,1473561
0.35,1473216
0.35,1472959
0.35,1472610
0.35,1470241
0.35,1469864
0.36,1469172
0.36,1468983
0.36,1467259
0.36,1453587
0.36,1453305
0.36,1452411
0.37,1450904
0.37,1449128
0.37,1446287
0.37,1444023
0.37,1443170
0.38,1441363
0.38,1440978
0.38,1440571
0.38,1439816
0.38,1439333
0.39,1438686
0.39,1437803
0.39,1431491
0.39,1428846
0.39,1427489
0.39,1425268
0.39,1423488
0.39,1422808
0.39,1422235
0.39,1421757
0.40,1420619
0.40,1419796
0.40,1418261
0.40,1414894
0.40,1414857
0.40,1414538
0.41,1413486
0.42,1413407
0.42,1412089
0.42,1411379
0.42,1410606
0.43,1399751
0.43,1399716
0.43,1394346
0.43,1393752
0.44,1392956
0.44,1392589
0.45,1392492
0.45,1389092
0.46,1387229
0.46,1386336
0.46,1386077
0.46,1382482
0.46,1377157
0.46,1375175
0.47,1369629
0.47,1369114
0.47,1367294
0.47,1366079
0.47,1365742
0.47,1364508
0.48,1350523
0.48,1348862
0.48,1348711
0.48,1338881
0.49,1337667
0.49,1328622
0.49,1326345
0.50,1317710
0.50,1315346
0.50,1315032
0.50,1314269
0.51,1313818
0.51,1313782
0.51,1312938
0.51,1309939
0.51,1306652
0.52,1306400
0.52,1302508
0.52,1302310
0.52,1301839
0.53,1300480
0.53,1300368
0.54,1299514
0.54,1299481
0.54,1290615
0.54,1290462
0.54,1289878
0.54,1289148
0.54,1288627
0.55,1287261
0.55,1286308
0.55,1285579
0.55,1278715
0.56,1278009
0.56,1276679
0.56,1276018
0.57,1275642
0.57,1274529
0.57,1273986
0.57,1273758
0.57,1273143
0.58,1265407
0.58,1265369
0.58,1265089
0.58,1264633
0.58,1262646
0.58,1261254
0.58,1259397
0.59,1259183
0.59,1259134
0.59,1259060
0.59,1252670
0.60,1252266
0.61,1249135
0.61,1247366
0.61,1246854
0.61,1246666
0.61,1244635
0.62,1244164
0.62,1240270
0.62,1240069
0.62,1239160
0.62,1238651
0.62,1237989
0.64,1236833
0.64,1236618
0.65,1236441
0.65,1234626
0.65,1232756
0.65,1229352
0.65,1227860
0.66,1227536
0.66,1227156
0.66,1225382
0.66,1223680
0.66,1223306
0.68,1221834
0.69,1221207
0.69,1220268
0.69,1219334
0.69,1215583
0.70,1215515
0.70,1211079
0.70,1210807
0.71,1209678
0.71,1208928
0.71,1199593
0.72,1199406
0.72,1199403
0.73,1195927
0.73,1195226
0.73,1194535
0.73,1186716
0.74,1186075
0.74,1184403
0.74,1183907
0.74,1177082
0.74,1175720
0.74,1170448
0.74,1154749
0.74,1154018
0.74,1153756
0.75,1149935
0.75,1149866
0.75,1149124
0.76,1146697
0.76,1144906
0.77,1138515
0.77,1136737
0.77,1136105
0.77,1135543
0.77,1135340
0.77,1134072
0.78,1124497
0.79,1123006
0.79,1121540
0.80,1121248
0.82,1119911
0.83,1119005
0.84,1116933
0.84,1116153
0.84,1112460
0.84,1111806
0.86,1111797
0.86,1111077
0.87,1110968
0.87,1109347
0.87,1109299
0.88,1109230
0.88,1103766
0.88,1100576
0.88,1099072
0.88,1099016
0.90,1098580
0.90,1096130
0.90,1093985
0.92,1093954
0.92,1093342
0.93,1092256
0.93,1090448
0.94,1088650
0.94,1078077
0.94,1074742
0.94,1073806
0.94,1073120
0.94,1072824
0.95,1072203
0.95,1068730
0.96,1066520
0.96,1063486
0.97,1063113
0.97,1063019
0.98,1055847
0.98,1055021
0.98,1054797
0.98,1054323
0.98,1053862
0.99,1048342
0.99,1044996
1.00,1040994
1.00,1028916
1.01,1028248
1.01,1027658
1.01,1026782
1.02,1026273
1.02,1024239
1.03,1021827
1.03,1013325
1.03,991212
1.04,991036
1.05,990790
1.05,989836
1.06,987971
1.07,981233
1.07,981185
1.08,980170
1.09,979839
1.09,979567
1.10,977991
1.10,975765
1.15,975612
1.15,975282
1.15,961211
1.15,960983
1.15,960564
1.16,960441
1.16,960117
1.20,958833
1.20,956556
1.21,954880
1.22,954419
1.22,954297
1.24,954236
1.25,952999
1.25,952472
1.25,944090
1.26,943585
1.26,940022
1.27,939026
1.28,938661
1.29,937152
1.29,936864
1.31,935061
1.33,934883
1.33,933726
1.35,933379
1.36,932449
1.36,932226
1.37,932121
1.41,931419
1.42,930769
1.43,930508
1.44,929700
1.45,928601
1.45,925232
1.45,923687
1.46,923507
1.48,923191
1.49,922741
1.50,922532
1.50,921779
1.50,921595
1.52,919543
1.53,916931
1.53,916856
1.54,903719
1.54,903493
1.56,903084
1.56,902313
1.57,901682
1.57,900810
1.59,899709
1.59,898899
1.60,898813
1.60,898386
1.65,897495
1.65,896974
1.66,896421
1.67,895729
1.67,894437
1.67,892998
1.69,892808
1.69,886042
1.72,884172
1.74,883134
1.75,881889
1.75,879586
1.76,874910
1.76,874778
1.77,873785
1.77,873405
1.77,873312
1.79,872552
1.82,872396
1.84,871783
1.85,870947
1.86,870337
1.90,867897
1.91,867169
1.92,867105
1.94,866706
1.98,866665
2.00,866324
2.03,865960
2.05,865616
2.06,865361
2.09,864775
2.09,864212
2.18,862971
2.19,862963
2.19,857560
2.20,856287
2.22,856229
2.22,853296
2.30,853003
2.37,851903
2.37,850919
2.40,850914
2.44,850752
2.51,850460
2.60,850207
2.61,814059
2.61,812632
2.62,811889
2.62,809224
2.65,807711
2.66,805133
2.67,803459
2.67,799013
2.71,798713
2.73,797593
2.74,797559
2.80,797010
2.81,794385
2.84,793045
2.86,792731
2.98,787946
2.99,787698
3.02,787667
3.10,786224
3.19,782037
3.20,781868
3.21,781852
3.24,781824
3.29,781497
3.31,781050
3.34,780343
3.36,779618
3.37,776798
3.40,770681
3.62,770673
3.63,770557
3.74,770069
3.76,769267
3.78,769118
3.83,768823
3.84,768297
3.86,762875
3.94,762665
4.03,761500
4.04,761432
4.07,761426
4.14,761404
4.31,758115
4.31,757917
4.35,757792
4.36,755020
4.37,754422
4.47,754236
4.56,753098
4.59,753009
4.62,752621
4.63,752326
4.68,752268
4.68,750432
4.70,749868
4.73,749585
4.88,749270
4.97,749214
4.98,748318
5.08,747829
5.16,747444
5.35,747357
5.36,745910
5.87,745902
6.12,745603
6.21,739132
6.25,738127
6.39,735174
6.40,733590
6.42,733165
6.53,732376
6.65,731194
6.74,731162
6.89,730653
7.19,730627
7.20,729450
7.21,729149
7.24,728520
7.36,728123
7.42,728076
7.60,727112
7.60,726498
7.63,726130
7.91,725864
8.07,725698
8.08,725262
8.50,724612
8.51,724584
8.54,723978
8.85,723487
8.94,722276
9.11,722178
9.73,721923
17.40,721360
17.75,721085
17.88,720501
17.90,719587
18.13,719412
18.21,719338
18.64,715111
18.69,704870
18.81,704310
18.82,703436
19.21,702647
19.73,702644
19.81,702584
19.91,702557
20.28,701665
20.89,698721
60.22,696682
60.62,694368
60.66,694289
60.67,694257
60.93,692913
