0.00,5369819
0.00,5346002
0.00,5336009
0.00,5191973
0.00,5108887
0.00,5098886
0.00,5067890
0.00,5051017
0.00,5031421
0.00,5021318
0.00,5019019
0.00,4988727
0.00,4951962
0.00,4877181
0.00,4796128
0.00,4768971
0.00,4760389
0.00,4726061
0.00,4704332
0.00,4670058
0.00,4669334
0.00,4666668
0.00,4620757
0.00,4601603
0.00,4584675
0.00,4520777
0.00,4471486
0.00,4467757
0.00,4455721
0.00,4390208
0.00,4383730
0.00,4382660
0.00,4371072
0.00,4370175
0.00,4336187
0.00,4322960
0.00,4304412
0.00,4283337
0.00,4175232
0.00,4170824
0.00,4147283
0.01,4121476
0.01,4076163
0.01,4074504
0.01,4051100
0.01,4048161
0.01,4045535
0.01,4008627
0.01,3994904
0.01,3985456
0.01,3985330
0.01,3964193
0.01,3937797
0.01,3935866
0.01,3906522
0.01,3887973
0.01,3880800
0.01,3851759
0.01,3849449
0.01,3832211
0.01,3804284
0.01,3785640
0.01,3782317
0.01,3781926
0.01,3773337
0.01,3756423
0.01,3749864
0.01,3723322
0.01,3709617
0.01,3705200
0.01,3673915
0.01,3671308
0.01,3653785
0.01,3619548
0.01,3600068
0.01,3596466
0.01,3593361
0.01,3591743
0.01,3549782
0.01,3548373
0.01,3497940
0.01,3478925
0.01,3476028
0.01,3475518
0.01,3467181
0.01,3435818
0.01,3434886
0.01,3380630
0.01,3362394
0.01,3359611
0.01,3340845
0.01,3338479
0.01,3316141
0.01,3268661
0.01,3266750
0.01,3257619
0.01,3253045
0.01,3251834
0.01,3249236
0.01,3232083
0.01,3231104
0.01,3147722
0.01,3145372
0.01,3130768
0.01,3126968
0.01,3117526
0.01,3093323
0.01,3072391
0.01,3055602
0.01,3037341
0.01,3016657
0.01,3013840
0.01,3009701
0.01,3000432
0.01,2986799
0.01,2973686
0.01,2956589
0.01,2936795
0.01,2928780
0.01,2926367
0.01,2913088
0.02,2900216
0.02,2899667
0.02,2894604
0.02,2871167
0.02,2853547
0.02,2838690
0.02,2819680
0.02,2778616
0.02,2774665
0.02,2768637
0.02,2765435
0.02,2732948
0.02,2713030
0.02,2667373
0.02,2655153
0.02,2648053
0.02,2626217
0.02,2590338
0.02,2585333
0.02,2571763
0.02,2553866
0.02,2540465
0.02,2504218
0.02,2460513
0.02,2444669
0.02,2423533
0.02,2422695
0.02,2421350
0.02,2406878
0.02,2388903
0.02,2381586
0.02,2370898
0.02,2365240
0.02,2359181
0.02,2355558
0.02,2341840
0.02,2339495
0.02,2339035
0.02,2336616
0.02,2331801
0.02,2325436
0.02,2294699
0.02,2232442
0.03,2183485
0.03,2173837
0.03,2172494
0.03,2156794
0.03,2140081
0.03,2109766
0.03,2098365
0.03,2088037
0.03,2086894
0.03,2085913
0.03,2083532
0.03,2071649
0.03,2060427
0.03,2044157
0.03,2040803
0.03,2035418
0.03,2012642
0.03,2005841
0.03,2005632
0.03,1989106
0.03,1983235
0.03,1958038
0.03,1951747
0.04,1946651
0.04,1943689
0.04,1937671
0.04,1910980
0.04,1904736
0.04,1904672
0.04,1903777
0.04,1895316
0.04,1894027
0.04,1893616
0.04,1892844
0.04,1870530
0.04,1865492
0.04,1861068
0.04,1860821
0.04,1856497
0.04,1843996
0.04,1843938
0.04,1821495
0.04,1821262
0.05,1804814
0.05,1802924
0.05,1799995
0.05,1799941
0.05,1798438
0.05,1777403
0.05,1738514
0.05,1729654
0.05,1720466
0.05,1694172
0.05,1693261
0.05,1689200
0.06,1665408
0.06,1653962
0.06,1643712
0.06,1636596
0.06,1635377
0.06,1634053
0.06,1625976
0.07,1612897
0.07,1609709
0.07,1535229
0.07,1532673
0.07,1530020
0.07,1517212
0.07,1516977
0.07,1500629
0.07,1499835
0.07,1497007
0.07,1482454
0.07,1481907
0.08,1480209
0.08,1474650
0.08,1474603
0.08,1470648
0.08,1440234
0.08,1434963
0.08,1433876
0.09,1432241
0.09,1430038
0.09,1414789
0.09,1401553
0.09,1398917
0.09,1395390
0.09,1377266
0.10,1376905
0.10,1375847
0.10,1367481
0.10,1349100
0.11,1347727
0.11,1335823
0.11,1333295
0.11,1332355
0.11,1317006
0.11,1305119
0.11,1299697
0.11,1291563
0.11,1289145
0.12,1285965
0.12,1280811
0.12,1279827
0.12,1277758
0.12,1253139
0.12,1243842
0.12,1239685
0.12,1237670
0.13,1218969
0.13,1215217
0.13,1211618
0.13,1207334
0.13,1204451
0.14,1204152
0.14,1202667
0.14,1197212
0.15,1190715
0.15,1190595
0.16,1172201
0.16,1148507
0.17,1140963
0.17,1139216
0.17,1137540
0.17,1125227
0.17,1124878
0.17,1117736
0.18,1108453
0.18,1073009
0.18,1068438
0.18,1064583
0.18,1056754
0.19,1043077
0.20,1039041
0.20,1035506
0.21,1034032
0.21,1034024
0.21,1031579
0.22,1031185
0.22,1016445
0.22,1014376
0.23,1014116
0.23,1001692
0.24,991518
0.24,987504
0.25,986128
0.25,975683
0.28,974397
0.28,973021
0.29,972403
0.29,970723
0.30,968890
0.31,967910
0.31,966272
0.31,962747
0.31,955103
0.31,954178
0.32,953557
0.33,953413
0.33,945517
0.34,944498
0.35,929914
0.36,929131
0.36,926024
0.37,924521
0.37,917928
0.38,911516
0.40,906073
0.41,902231
0.41,891094
0.42,890194
0.43,888975
0.43,888175
0.43,886207
0.43,863249
0.43,863016
0.44,862972
0.45,858267
0.46,857741
0.46,853701
0.47,852863
0.47,851292
0.48,847325
0.52,847285
0.52,843501
0.54,843493
0.59,841793
0.64,835030
0.65,833702
0.68,828555
