0.08,6206177
0.15,5995834
0.23,5794703
0.31,5600074
0.40,5408723
0.48,5236366
0.56,5065646
0.65,4902347
0.73,4746935
0.81,4595259
0.90,4447653
0.98,4306075
1.07,4172069
1.15,4036450
1.24,3896818
1.33,3775014
1.41,3657595
1.49,3541377
1.58,3429545
1.66,3330320
1.74,3221470
1.82,3136018
1.91,3037080
1.99,2952554
2.07,2844116
2.16,2759706
2.24,2676374
2.32,2596964
2.40,2523854
2.49,2447704
2.57,2374672
2.65,2310566
2.73,2247549
2.81,2172392
2.89,2104133
2.99,2047337
3.09,1992450
3.17,1939325
3.25,1887164
3.32,1840945
3.40,1795119
3.48,1751095
3.55,1707767
3.63,1669290
3.71,1630818
3.79,1594967
3.86,1561270
3.94,1522780
4.02,1489982
4.10,1458574
4.17,1428836
4.25,1401476
4.32,1354804
4.40,1328895
4.48,1309201
4.55,1290545
4.63,1271991
4.71,1254307
4.79,1234572
4.87,1217238
4.95,1200171
5.03,1179726
5.10,1163181
5.18,1147047
5.25,1131578
5.33,1117501
5.41,1099580
5.48,1087392
5.56,1063972
5.63,1052133
5.71,1040331
5.79,1028818
5.86,1017433
5.94,1006728
6.02,996792
6.09,984692
6.17,975636
6.25,966660
6.32,958138
6.40,950430
6.48,943087
6.56,935865
6.63,928276
6.71,921837
6.79,915872
6.87,910722
6.97,907134
7.07,903731
7.15,900385
7.23,897116
7.31,894957
7.38,890769
7.46,888844
7.54,886953
7.62,885174
7.69,883481
7.77,882010
7.85,880599
7.92,879405
8.00,878569
8.08,877901
8.15,877344
8.23,877304
8.31,877270
14.61,875774
14.69,873370
14.76,871215
14.84,869898
14.92,860823
14.99,859624
15.07,858469
15.14,857485
15.22,856567
15.30,855881
15.37,855485
15.45,855435
15.52,855427
15.60,854552
47.74,852194
47.82,849754
47.89,847599
47.97,845901
48.05,844573
48.13,843382
48.21,842603
48.29,841996
48.37,841534
48.45,841419
65.40,836874
65.48,836267
65.56,835805
65.64,835409
65.72,835294
