0.10,10028777
0.21,9642975
0.32,9259662
0.42,8895307
0.53,8570628
0.64,8205299
0.74,7896370
0.85,7575518
0.95,7284321
1.08,7021837
1.21,6761872
1.32,6516828
1.44,6286621
1.54,6063658
1.65,5833615
1.75,5620595
1.85,5398636
1.96,5196583
2.06,4999775
2.16,4809361
2.27,4631116
2.38,4454048
2.48,4287584
2.59,4125871
2.69,3957854
2.80,3812020
2.90,3670612
3.00,3534283
3.10,3407704
3.21,3312370
3.31,3227404
3.41,3150785
3.51,3074501
3.61,2999916
3.72,2923206
3.82,2856829
3.92,2786793
4.02,2722692
4.12,2664670
4.22,2599945
4.33,2538850
4.43,2481351
4.53,2424227
4.63,2370129
4.73,2269221
4.83,2216130
4.93,2166672
5.04,2124041
5.14,2081498
5.24,2042675
5.34,2003901
5.44,1965792
5.54,1928367
5.65,1895569
5.75,1863599
5.85,1832148
5.96,1800917
6.06,1772742
6.16,1741469
6.26,1715779
6.37,1690972
6.47,1666395
6.57,1644124
6.67,1624276
6.77,1604996
6.87,1589810
6.97,1574735
7.08,1561135
7.18,1542654
7.29,1529134
7.39,1513402
7.49,1500775
7.59,1489707
7.70,1480140
7.80,1471192
7.90,1463151
8.00,1455184
8.10,1447486
8.20,1439780
8.30,1433003
8.41,1426589
8.51,1420718
8.61,1415083
8.71,1405562
8.81,1400041
8.91,1392586
9.01,1384403
9.11,1369912
9.22,1349211
9.32,1312524
9.42,1305330
9.52,1299463
9.62,1293984
9.72,1289181
9.82,1284407
9.93,1280542
10.03,1277277
10.13,1274356
10.23,1271457
10.33,1269253
10.43,1267249
10.53,1265374
10.64,1264003
10.74,1262715
10.85,1261167
10.95,1258415
11.06,1257156
11.16,1256016
11.26,1254899
11.37,1253833
11.47,1252877
11.57,1252068
11.67,1251262
11.78,1251052
21.53,1250070
21.64,1247959
21.75,1244540
21.85,1242850
21.96,1241211
22.06,1239742
22.17,1238473
22.27,1237255
22.37,1236077
22.48,1234983
22.58,1233918
22.68,1232910
22.79,1232169
22.89,1231544
23.01,1230959
23.11,1230478
23.22,1230140
23.32,1229720
23.42,1229387
23.52,1228552
23.62,1228410
23.72,1228345
34.47,1226368
34.57,1223456
34.67,1221590
34.77,1220065
34.87,1218556
34.97,1217520
35.07,1216671
35.18,1215981
35.28,1215509
35.38,1215168
35.48,1214671
35.59,1213449
35.69,1213214
35.79,1213007
35.90,1212802
36.00,1212601
36.10,1212194
84.90,1204100
85.03,1202556
85.20,1201031
85.36,1199562
85.49,1198203
85.60,1197023
85.71,1195845
85.81,1194781
85.92,1193773
86.02,1192817
86.12,1191951
86.23,1190921
86.33,1190115
86.43,1189374
86.53,1188738
86.63,1188113
86.73,1187641
86.83,1187303
86.93,1187023
87.04,1185200
87.14,1185045
87.24,1184146
87.34,1184004
87.44,1183939
87.54,1183888
