0.00,10259241
0.00,10249659
0.00,10140847
0.00,10065763
0.00,10034399
0.00,10027285
0.00,9923207
0.00,9903493
0.00,9873483
0.00,9829954
0.00,9828429
0.00,9664969
0.00,9664898
0.00,9624096
0.00,9613160
0.00,9613001
0.00,9612796
0.00,9468475
0.00,9293838
0.00,9171094
0.00,9041614
0.00,9041557
0.00,9020917
0.00,9017232
0.00,8983202
0.00,8966877
0.00,8964577
0.00,8958909
0.00,8958849
0.00,8940559
0.00,8731487
0.00,8723807
0.00,8646092
0.00,8584978
0.00,8566005
0.00,8564132
0.00,8548430
0.00,8546361
0.00,8544969
0.00,8540281
0.00,8416668
0.00,8416217
0.00,8392592
0.00,8376947
0.00,8345800
0.00,8326042
0.00,8242009
0.00,8190855
0.00,8158533
0.00,8142278
0.00,8111276
0.00,8064964
0.00,8030651
0.00,7989963
0.00,7974956
0.00,7939636
0.00,7931354
0.00,7909409
0.00,7878813
0.00,7876401
0.00,7869530
0.00,7862191
0.00,7662678
0.00,7576473
0.00,7530434
0.00,7477677
0.00,7457532
0.00,7319692
0.00,7260122
0.00,7224161
0.00,7221118
0.00,7179241
0.00,7178785
0.00,7070350
0.00,7066516
0.00,7063301
0.00,7061226
0.00,6963908
0.00,6723749
0.01,6722264
0.01,6634699
0.01,6632993
0.01,6518078
0.01,6513687
0.01,6481076
0.01,6453373
0.01,6448053
0.01,6304278
0.01,6303724
0.01,6300847
0.01,6289545
0.01,6284285
0.01,6275310
0.01,6272329
0.01,6265025
0.01,6063907
0.01,6034110
0.01,6030447
0.01,6004953
0.01,5981821
0.01,5981650
0.01,5973206
0.01,5937777
0.01,5929363
0.01,5894256
0.01,5889235
0.01,5884399
0.01,5869679
0.01,5868676
0.01,5861606
0.01,5857316
0.01,5856521
0.01,5799521
0.01,5795763
0.01,5790327
0.01,5785602
0.01,5781660
0.01,5761943
0.01,5723119
0.01,5712042
0.01,5697650
0.01,5641669
0.01,5639999
0.01,5617175
0.01,5616026
0.01,5607695
0.01,5605962
0.01,5584103
0.01,5582436
0.01,5544884
0.01,5490669
0.01,5483596
0.01,5469411
0.01,5417706
0.01,5402469
0.01,5397563
0.01,5344847
0.01,5337194
0.01,5318390
0.01,5259615
0.01,5200487
0.01,5195659
0.01,5193626
0.01,5193298
0.01,5183342
0.01,5163369
0.01,5163083
0.01,5123293
0.01,5107738
0.01,5106350
0.01,5090766
0.01,5085075
0.01,5063998
0.01,5031130
0.01,5030069
0.01,4977789
0.01,4947016
0.01,4933815
0.01,4927698
0.01,4927185
0.01,4922819
0.01,4808641
0.01,4790746
0.01,4710044
0.02,4694511
0.02,4674597
0.02,4672289
0.02,4626664
0.02,4610431
0.02,4603826
0.02,4581253
0.02,4566290
0.02,4554694
0.02,4554135
0.02,4548689
0.02,4546777
0.02,4544548
0.02,4543343
0.02,4543222
0.02,4531537
0.02,4482638
0.02,4457770
0.02,4456067
0.02,4452710
0.02,4434020
0.02,4403685
0.02,4399733
0.02,4399140
0.02,4398610
0.02,4324780
0.02,4320714
0.02,4320457
0.02,4280909
0.02,4278945
0.02,4238373
0.02,4206232
0.02,4177840
0.02,4174856
0.02,4174736
0.02,4147360
0.02,4130015
0.02,4100989
0.02,4057060
0.02,3990106
0.02,3988856
0.02,3984406
0.02,3960000
0.02,3959894
0.02,3956228
0.02,3867473
0.02,3854684
0.02,3770030
0.02,3558349
0.03,3537403
0.03,3524955
0.03,3508843
0.03,3506814
0.03,3485497
0.03,3478351
0.03,3466317
0.03,3455161
0.03,3454188
0.03,3428705
0.03,3428347
0.03,3425595
0.03,3398629
0.03,3348489
0.03,3334750
0.03,3334543
0.03,3333343
0.03,3331656
0.03,3330645
0.03,3327971
0.03,3326484
0.03,3312335
0.03,3305504
0.03,3304538
0.03,3294862
0.03,3191994
0.03,3191917
0.03,3191621
0.03,3178838
0.03,3178036
0.03,3170889
0.03,3170666
0.03,3170574
0.03,3108642
0.03,3104875
0.04,3035223
0.04,3034533
0.04,2954834
0.04,2954123
0.04,2932845
0.04,2928842
0.04,2924099
0.04,2918525
0.04,2913885
0.04,2912398
0.04,2900389
0.04,2867939
0.04,2866723
0.04,2854765
0.04,2847444
0.04,2826202
0.04,2820417
0.04,2801450
0.04,2799677
0.04,2741587
0.04,2706767
0.04,2703814
0.04,2703235
0.04,2694453
0.05,2694236
0.05,2669376
0.05,2646951
0.05,2641856
0.05,2613519
0.05,2607739
0.05,2602805
0.05,2555748
0.05,2548842
0.05,2547496
0.05,2545659
0.05,2528512
0.05,2524689
0.05,2524210
0.05,2519934
0.05,2515084
0.06,2514642
0.06,2511342
0.06,2506761
0.06,2506196
0.06,2453929
0.06,2453435
0.06,2452248
0.06,2442069
0.06,2430465
0.06,2428394
0.06,2427265
0.06,2427069
0.06,2417176
0.07,2391398
0.07,2388765
0.07,2388274
0.07,2375770
0.07,2367961
0.07,2364528
0.08,2361285
0.08,2331646
0.08,2328323
0.08,2260335
0.08,2248879
0.08,2240755
0.08,2237041
0.08,2224889
0.08,2223938
0.08,2221658
0.09,2221312
0.09,2220837
0.09,2150837
0.09,2150555
0.09,2149222
0.09,2148090
0.09,2143284
0.09,2114267
0.09,2042130
0.09,2040476
0.10,2014843
0.10,2013200
0.10,2012688
0.10,2011989
0.10,1980575
0.10,1951501
0.10,1948915
0.11,1940740
0.11,1915506
0.11,1913445
0.12,1913090
0.12,1910959
0.12,1910336
0.12,1909863
0.12,1909613
0.12,1902700
0.13,1897277
0.13,1897246
0.13,1891513
0.13,1884770
0.13,1880813
0.13,1860566
0.13,1851962
0.13,1826032
0.13,1816079
0.14,1813326
0.14,1775064
0.14,1773355
0.14,1772973
0.14,1770198
0.14,1761577
0.15,1749597
0.15,1746665
0.16,1738432
0.16,1738295
0.16,1737206
0.17,1736333
0.17,1730312
0.17,1687911
0.17,1687465
0.17,1686914
0.17,1686888
0.18,1685148
0.18,1684931
0.18,1678132
0.18,1677924
0.18,1677151
0.19,1667650
0.20,1667283
0.20,1666876
0.21,1666324
0.21,1660260
0.22,1659148
0.22,1658777
0.22,1655554
0.25,1653975
0.25,1651156
0.25,1647074
0.25,1646306
0.26,1643434
0.26,1642971
0.26,1642718
0.26,1639134
0.27,1611485
0.27,1610850
0.31,1606679
0.31,1606379
0.32,1605530
0.32,1604398
0.33,1604333
0.33,1603527
0.33,1599557
0.33,1598118
0.34,1560281
0.34,1558557
0.34,1558400
0.35,1555970
0.36,1552105
0.36,1549946
0.37,1548162
0.38,1542761
0.38,1542312
0.38,1540413
0.38,1536795
0.39,1533919
0.40,1532741
0.41,1531563
0.41,1519182
0.41,1502303
0.44,1500649
0.44,1498575
0.44,1497971
0.44,1496390
0.46,1485906
0.46,1485511
0.46,1485436
0.47,1483823
0.50,1455911
0.54,1443093
0.56,1426789
0.56,1420033
0.63,1397080
0.69,1396950
0.72,1386668
0.74,1386556
0.74,1369644
0.76,1369533
0.79,1363155
0.81,1358879
0.88,1356199
0.93,1345496
0.96,1345089
1.67,1331469
1.70,1331404
1.82,1331306
1.82,1330832
1.87,1330196
1.90,1325903
1.90,1325414
1.93,1314667
1.99,1305650
2.03,1287795
2.07,1287578
2.11,1286472
2.12,1262000
2.22,1261824
2.32,1256056
2.33,1245214
7.10,1242980
7.10,1242174
7.11,1241482
7.22,1241228
7.31,1241150
18.62,1222596
18.65,1220695
18.67,1218600
18.68,1216079
18.76,1215937
18.77,1210066
18.88,1209660
18.98,1209545
19.09,1209338
19.15,1209183
19.15,1208758
53.55,1205921
