0.00,757615
0.00,750363
0.00,749189
0.00,737036
0.00,736730
0.00,734928
0.00,733783
0.00,732328
0.00,730256
0.00,724052
0.00,723527
0.00,722349
0.00,721780
0.00,710292
0.00,710207
0.00,704672
0.00,703911
0.00,703410
0.00,686874
0.00,683293
0.00,683032
0.00,682648
0.00,675790
0.00,674275
0.00,674226
0.00,664272
0.00,658928
0.00,652756
0.00,650183
0.00,648754
0.00,646919
0.00,644633
0.00,640198
0.00,639850
0.00,639048
0.00,638865
0.00,630567
0.00,629600
0.00,622953
0.00,622835
0.00,615577
0.00,613261
0.00,613049
0.00,602637
0.00,602495
0.00,602180
0.00,598872
0.00,592283
0.00,592271
0.00,590171
0.00,585046
0.00,584475
0.00,584140
0.00,583170
0.00,582093
0.00,581857
0.00,580357
0.00,580254
0.00,577451
0.00,576945
0.00,576090
0.00,575074
0.00,569408
0.00,562795
0.00,558284
0.00,545032
0.00,544826
0.00,544644
0.00,542366
0.00,539946
0.01,531202
0.01,531173
0.01,529727
0.01,529725
0.01,525515
0.01,516962
0.01,516079
0.01,513381
0.01,512127
0.01,510848
0.01,508125
0.01,504426
0.01,502092
0.01,499361
0.01,495816
0.01,495245
0.01,493930
0.01,488903
0.01,484069
0.01,482683
0.01,482103
0.01,482015
0.01,479198
0.01,478693
0.01,478388
0.01,478312
0.01,477053
0.01,476583
0.01,475122
0.01,473812
0.01,471686
0.01,469336
0.01,469050
0.01,464773
0.01,464558
0.01,464436
0.01,463454
0.01,461635
0.01,461236
0.01,454733
0.01,453754
0.01,451658
0.01,451369
0.01,449086
0.01,448760
0.01,446402
0.01,445116
0.01,443695
0.01,441616
0.01,435487
0.01,433844
0.01,433283
0.01,427073
0.01,426798
0.01,422444
0.01,420621
0.01,419792
0.01,418821
0.01,416386
0.01,413539
0.01,412902
0.01,410230
0.01,408663
0.01,408140
0.01,396310
0.01,395683
0.01,394046
0.01,392906
0.01,386561
0.01,383906
0.01,383583
0.01,383174
0.02,381698
0.02,378579
0.02,378047
0.02,376121
0.02,376106
0.02,367919
0.02,366935
0.02,366361
0.02,365927
0.02,365862
0.02,365835
0.02,363892
0.02,354898
0.02,354738
0.02,353792
0.02,353450
0.02,353170
0.02,349654
0.02,349607
0.02,349487
0.02,349351
0.02,347980
0.02,345037
0.02,344099
0.02,340590
0.02,339819
0.02,333883
0.02,332096
0.02,329437
0.02,324399
0.02,324256
0.02,323590
0.02,323193
0.02,322751
0.02,322659
0.02,322583
0.02,322441
0.02,321942
0.02,321219
0.02,317429
0.02,315932
0.03,315542
0.03,298677
0.03,297178
0.03,296365
0.03,296348
0.03,296012
0.03,295908
0.03,294238
0.03,294089
0.03,290582
0.03,288045
0.03,284792
0.03,282910
0.03,281986
0.03,277453
0.03,276922
0.03,276325
0.03,276305
0.03,276040
0.03,274221
0.03,273617
0.03,273081
0.04,259798
0.04,256684
0.04,251481
0.04,250664
0.04,241497
0.04,241074
0.04,240320
0.04,239912
0.04,239695
0.04,238735
0.05,238604
0.05,238430
0.05,238410
0.05,237404
0.05,237359
0.05,235703
0.05,235509
0.05,234988
0.05,233619
0.05,232647
0.06,231427
0.06,231368
0.06,229630
0.06,229549
0.06,229481
0.06,228639
0.06,228483
0.06,226108
0.06,225662
0.06,225491
0.07,223976
0.07,222601
0.07,222533
0.07,222498
0.08,221816
0.08,221359
0.08,220959
0.08,219974
0.08,217546
0.08,216859
0.08,214113
0.08,214009
0.08,212728
0.08,210833
0.09,210407
0.09,210224
0.09,210144
0.10,209033
0.10,208848
0.10,208674
0.10,207165
0.10,206016
0.10,205180
0.10,205121
0.10,205059
0.10,202465
0.11,202283
0.11,201832
0.11,201672
0.11,200482
0.11,198777
0.11,198417
0.11,198061
0.11,197906
0.11,197752
0.11,197690
0.11,197633
0.12,197592
0.12,195293
0.12,195186
0.12,194313
0.12,193571
0.13,193482
0.13,193320
0.13,192699
0.13,191771
0.13,191218
0.14,190658
0.14,190399
0.14,190342
0.15,189885
0.15,188839
0.15,186922
0.16,182054
0.16,181755
0.16,181538
0.16,180954
0.16,179287
0.17,178654
0.17,178005
0.17,177384
0.17,177002
0.18,176950
0.19,176930
0.19,176042
0.21,175873
0.21,173714
0.21,173483
0.21,173101
0.22,172151
0.22,171543
0.22,171447
0.23,170803
0.23,168415
0.23,168346
0.25,168002
0.25,167485
0.25,166784
0.25,166423
0.27,166210
0.27,165891
0.27,164460
0.27,163892
0.28,162358
0.29,162331
0.29,161023
0.29,159267
0.29,158419
0.29,157660
0.30,156630
0.31,155892
0.33,155206
0.34,154847
0.34,154316
0.35,154226
0.35,153859
0.38,150173
0.41,150172
0.43,146281
0.45,145857
0.45,145593
0.46,145235
0.48,145201
1.39,142767
1.40,142340
1.42,142122
1.42,140506
11.67,140133
39.66,140130
39.77,139413
39.80,138539
43.45,138333
60.49,137959
60.59,137909
84.02,137676
84.02,137595
98.72,137575
98.73,137391
98.75,137341
98.75,135741
