0.09,660527
0.19,636106
0.28,613481
0.37,594538
0.47,575832
0.56,558150
0.65,540730
0.74,524187
0.84,507462
0.93,491508
1.02,477846
1.11,464373
1.20,451135
1.30,438157
1.39,426624
1.48,416706
1.57,406133
1.67,396542
1.76,386884
1.85,377390
1.95,367760
2.04,358315
2.13,349387
2.22,339953
2.32,331557
2.41,323663
2.50,316002
2.59,308087
2.69,300552
2.78,292628
2.87,285444
2.96,278292
3.06,272706
3.15,267334
3.24,261181
3.34,256071
3.43,251061
3.52,246250
3.61,242114
3.71,237732
3.80,233929
3.89,229949
3.98,225002
4.08,221225
4.17,217582
4.26,214195
4.35,210270
4.45,207041
4.55,203881
5.22,200873
5.32,197134
5.42,194489
5.52,192199
5.62,190307
5.72,188574
5.82,186678
5.92,183952
6.03,182101
6.13,180492
6.23,178508
6.33,176900
6.43,175213
6.53,173636
6.63,171159
6.73,169768
6.83,168390
6.93,167033
7.03,165387
7.13,164130
7.24,162795
7.34,161571
7.44,160545
7.54,159679
7.64,158839
7.74,158068
7.84,157309
7.94,156566
8.04,155833
8.14,154536
8.25,153153
8.35,152518
8.45,151883
8.55,151034
8.65,150412
8.75,149796
8.85,148350
8.95,147749
9.05,147181
9.15,146354
9.26,145792
9.36,145275
9.46,144776
9.56,144341
9.66,143952
9.76,143553
9.86,142163
9.97,141260
10.07,141027
10.17,140632
10.27,139954
10.37,139635
10.47,139444
10.57,139269
10.67,139106
10.78,138912
10.88,138813
10.98,138750
31.63,138695
31.74,138592
31.84,138490
53.42,138092
53.52,138041
53.62,137546
53.72,137518
53.82,137205
75.38,136870
75.48,136357
75.58,136173
75.69,136045
75.80,135388
75.90,135277
76.01,135222
76.11,135172
76.21,135144
76.32,134831
